0 info it worked if it ends with ok
1 verbose cli [ 'node', '/usr/local/bin/npm', 'update', '-g', 'coffee-script' ]
2 info using npm@2.5.1
3 info using node@v0.12.0
4 silly mapToRegistry name coffee-script
5 silly mapToRegistry using default registry
6 silly mapToRegistry registry https://registry.npmjs.org/
7 silly mapToRegistry uri https://registry.npmjs.org/coffee-script
8 verbose request uri https://registry.npmjs.org/coffee-script
9 verbose request no auth needed
10 info attempt registry request try #1 at 12:37:14 AM
11 verbose request id 6afc0f72c6db6c3d
12 verbose etag "8UUCK70ZHFRTY6HE7WIFIX7CK"
13 http request GET https://registry.npmjs.org/coffee-script
14 silly mapToRegistry name coffee-script
15 silly mapToRegistry using default registry
16 silly mapToRegistry registry https://registry.npmjs.org/
17 silly mapToRegistry uri https://registry.npmjs.org/coffee-script
18 silly mapToRegistry name coffee-script
19 silly mapToRegistry using default registry
20 silly mapToRegistry registry https://registry.npmjs.org/
21 silly mapToRegistry uri https://registry.npmjs.org/coffee-script
22 silly mapToRegistry name coffee-script
23 silly mapToRegistry using default registry
24 silly mapToRegistry registry https://registry.npmjs.org/
25 silly mapToRegistry uri https://registry.npmjs.org/coffee-script
26 verbose request uri https://registry.npmjs.org/coffee-script
27 verbose request no auth needed
28 info attempt registry request try #1 at 12:37:15 AM
29 verbose etag "8UUCK70ZHFRTY6HE7WIFIX7CK"
30 http request GET https://registry.npmjs.org/coffee-script
31 http 304 https://registry.npmjs.org/coffee-script
32 silly get cb [ 304,
32 silly get   { date: 'Mon, 16 Mar 2015 05:37:15 GMT',
32 silly get     server: 'Apache',
32 silly get     via: '1.1 varnish',
32 silly get     'last-modified': 'Mon, 16 Mar 2015 05:37:15 GMT',
32 silly get     'cache-control': 'max-age=60',
32 silly get     etag: '"8UUCK70ZHFRTY6HE7WIFIX7CK"',
32 silly get     age: '35',
32 silly get     'x-served-by': 'cache-ord1729-ORD',
32 silly get     'x-cache': 'HIT',
32 silly get     'x-cache-hits': '1',
32 silly get     'x-timer': 'S1426484235.322359,VS0,VE0',
32 silly get     vary: 'Accept',
32 silly get     'content-length': '0',
32 silly get     'keep-alive': 'timeout=10, max=50',
32 silly get     connection: 'Keep-Alive' } ]
33 verbose etag https://registry.npmjs.org/coffee-script from cache
34 verbose get saving coffee-script to /Users/charlieschwabacher/.npm/registry.npmjs.org/coffee-script/.cache.json
35 verbose request uri https://registry.npmjs.org/coffee-script
36 verbose request no auth needed
37 info attempt registry request try #1 at 12:37:15 AM
38 verbose etag "8UUCK70ZHFRTY6HE7WIFIX7CK"
39 http request GET https://registry.npmjs.org/coffee-script
40 verbose request uri https://registry.npmjs.org/coffee-script
41 verbose request no auth needed
42 info attempt registry request try #1 at 12:37:15 AM
43 verbose etag "8UUCK70ZHFRTY6HE7WIFIX7CK"
44 http request GET https://registry.npmjs.org/coffee-script
45 silly mapToRegistry name coffee-script
46 silly mapToRegistry using default registry
47 silly mapToRegistry registry https://registry.npmjs.org/
48 silly mapToRegistry uri https://registry.npmjs.org/coffee-script
49 http 304 https://registry.npmjs.org/coffee-script
50 silly get cb [ 304,
50 silly get   { date: 'Mon, 16 Mar 2015 05:37:15 GMT',
50 silly get     server: 'Apache',
50 silly get     via: '1.1 varnish',
50 silly get     'last-modified': 'Mon, 16 Mar 2015 05:37:15 GMT',
50 silly get     'cache-control': 'max-age=60',
50 silly get     etag: '"8UUCK70ZHFRTY6HE7WIFIX7CK"',
50 silly get     age: '36',
50 silly get     'x-served-by': 'cache-ord1732-ORD',
50 silly get     'x-cache': 'HIT',
50 silly get     'x-cache-hits': '1',
50 silly get     'x-timer': 'S1426484235.934362,VS0,VE0',
50 silly get     vary: 'Accept',
50 silly get     'content-length': '0',
50 silly get     'keep-alive': 'timeout=10, max=50',
50 silly get     connection: 'Keep-Alive' } ]
51 verbose etag https://registry.npmjs.org/coffee-script from cache
52 verbose get saving coffee-script to /Users/charlieschwabacher/.npm/registry.npmjs.org/coffee-script/.cache.json
53 verbose get https://registry.npmjs.org/coffee-script not expired, no request
54 http 304 https://registry.npmjs.org/coffee-script
55 silly get cb [ 304,
55 silly get   { date: 'Mon, 16 Mar 2015 05:37:16 GMT',
55 silly get     server: 'Apache',
55 silly get     via: '1.1 varnish',
55 silly get     'last-modified': 'Mon, 16 Mar 2015 05:37:16 GMT',
55 silly get     'cache-control': 'max-age=60',
55 silly get     etag: '"8UUCK70ZHFRTY6HE7WIFIX7CK"',
55 silly get     age: '36',
55 silly get     'x-served-by': 'cache-ord1720-ORD',
55 silly get     'x-cache': 'HIT',
55 silly get     'x-cache-hits': '1',
55 silly get     'x-timer': 'S1426484236.296885,VS0,VE0',
55 silly get     vary: 'Accept',
55 silly get     'content-length': '0',
55 silly get     'keep-alive': 'timeout=10, max=50',
55 silly get     connection: 'Keep-Alive' } ]
56 verbose etag https://registry.npmjs.org/coffee-script from cache
57 verbose get saving coffee-script to /Users/charlieschwabacher/.npm/registry.npmjs.org/coffee-script/.cache.json
58 http 304 https://registry.npmjs.org/coffee-script
59 silly get cb [ 304,
59 silly get   { date: 'Mon, 16 Mar 2015 05:37:16 GMT',
59 silly get     server: 'Apache',
59 silly get     via: '1.1 varnish',
59 silly get     'last-modified': 'Mon, 16 Mar 2015 05:37:16 GMT',
59 silly get     'cache-control': 'max-age=60',
59 silly get     etag: '"8UUCK70ZHFRTY6HE7WIFIX7CK"',
59 silly get     age: '36',
59 silly get     'x-served-by': 'cache-ord1734-ORD',
59 silly get     'x-cache': 'HIT',
59 silly get     'x-cache-hits': '1',
59 silly get     'x-timer': 'S1426484236.297265,VS0,VE0',
59 silly get     vary: 'Accept',
59 silly get     'content-length': '0',
59 silly get     'keep-alive': 'timeout=10, max=50',
59 silly get     connection: 'Keep-Alive' } ]
60 verbose etag https://registry.npmjs.org/coffee-script from cache
61 verbose get saving coffee-script to /Users/charlieschwabacher/.npm/registry.npmjs.org/coffee-script/.cache.json
62 silly mapToRegistry name coffee-script
63 silly mapToRegistry using default registry
64 silly mapToRegistry registry https://registry.npmjs.org/
65 silly mapToRegistry uri https://registry.npmjs.org/coffee-script
66 silly mapToRegistry name coffee-script
67 silly mapToRegistry using default registry
68 silly mapToRegistry registry https://registry.npmjs.org/
69 silly mapToRegistry uri https://registry.npmjs.org/coffee-script
70 verbose get https://registry.npmjs.org/coffee-script not expired, no request
71 verbose get https://registry.npmjs.org/coffee-script not expired, no request
72 silly mapToRegistry name coffee-script
73 silly mapToRegistry using default registry
74 silly mapToRegistry registry https://registry.npmjs.org/
75 silly mapToRegistry uri https://registry.npmjs.org/coffee-script
76 verbose get https://registry.npmjs.org/coffee-script not expired, no request
77 silly mapToRegistry name coffee-script
78 silly mapToRegistry using default registry
79 silly mapToRegistry registry https://registry.npmjs.org/
80 silly mapToRegistry uri https://registry.npmjs.org/coffee-script
81 verbose get https://registry.npmjs.org/coffee-script not expired, no request
82 info outdated updating [ [ '/usr/local/lib',
82 info outdated     'coffee-script',
82 info outdated     '1.7.1',
82 info outdated     '1.9.1',
82 info outdated     '1.9.1',
82 info outdated     'latest' ],
82 info outdated   [ '/usr/local/lib/node_modules/jitter',
82 info outdated     'coffee-script',
82 info outdated     '1.6.3',
82 info outdated     '1.9.1',
82 info outdated     '1.9.1',
82 info outdated     '>= 1.1.0' ],
82 info outdated   [ '/usr/local/lib/node_modules/karma-coffee-preprocessor',
82 info outdated     'coffee-script',
82 info outdated     '1.6.3',
82 info outdated     '1.6.3',
82 info outdated     '1.9.1',
82 info outdated     '1.6.3' ],
82 info outdated   [ '/usr/local/lib/node_modules/jasmine-node',
82 info outdated     'coffee-script',
82 info outdated     '1.3.3',
82 info outdated     '1.9.1',
82 info outdated     '1.9.1',
82 info outdated     '>=1.0.1' ],
82 info outdated   [ '/usr/local/lib/node_modules/coffee-react',
82 info outdated     'coffee-script',
82 info outdated     '1.8.0',
82 info outdated     '1.8.0',
82 info outdated     '1.9.1',
82 info outdated     '1.8.0' ],
82 info outdated   [ '/usr/local/lib/node_modules/grunt',
82 info outdated     'coffee-script',
82 info outdated     '1.3.3',
82 info outdated     '1.3.3',
82 info outdated     '1.9.1',
82 info outdated     '~1.3.3' ],
82 info outdated   [ '/usr/local/lib/node_modules/hubot',
82 info outdated     'coffee-script',
82 info outdated     '1.6.2',
82 info outdated     '1.6.2',
82 info outdated     '1.9.1',
82 info outdated     '1.6.2' ],
82 info outdated   [ '/usr/local/lib/node_modules/karma',
82 info outdated     'coffee-script',
82 info outdated     '1.6.3',
82 info outdated     '1.6.3',
82 info outdated     '1.9.1',
82 info outdated     '~1.6' ],
82 info outdated   [ '/usr/local/lib/node_modules/grunt-init/node_modules/grunt',
82 info outdated     'coffee-script',
82 info outdated     '1.3.3',
82 info outdated     '1.3.3',
82 info outdated     '1.9.1',
82 info outdated     '~1.3.3' ] ]
83 verbose stack Error: Failed to parse json
83 verbose stack Unexpected token k
83 verbose stack     at parseError (/usr/local/lib/node_modules/npm/node_modules/read-package-json/read-json.js:378:25)
83 verbose stack     at parseJson (/usr/local/lib/node_modules/npm/node_modules/read-package-json/read-json.js:85:51)
83 verbose stack     at /usr/local/lib/node_modules/npm/node_modules/read-package-json/read-json.js:59:33
83 verbose stack     at evalmachine.<anonymous>:336:14
83 verbose stack     at /usr/local/lib/node_modules/npm/node_modules/graceful-fs/graceful-fs.js:102:5
83 verbose stack     at FSReqWrap.oncomplete (evalmachine.<anonymous>:99:15)
84 verbose cwd /Users/charlieschwabacher/Code/ultrawave
85 error Darwin 14.1.0
86 error argv "node" "/usr/local/bin/npm" "update" "-g" "coffee-script"
87 error node v0.12.0
88 error npm  v2.5.1
89 error file /usr/local/lib/node_modules/gulp-uglify/node_modules/through2/node_modules/readable-stream/package.json
90 error code EJSONPARSE
91 error Failed to parse json
91 error Unexpected token k
92 error File: /usr/local/lib/node_modules/gulp-uglify/node_modules/through2/node_modules/readable-stream/package.json
93 error Failed to parse package.json data.
93 error package.json must be actual JSON, not just JavaScript.
93 error
93 error This is not a bug in npm.
93 error Tell the package author to fix their package.json file. JSON.parse
94 verbose exit [ 1, true ]
